18:14:50.034 [HeadlessApplication] INFO  i.g.t.t.server.ServerLauncher - Loading mods...
18:14:50.065 [HeadlessApplication] DEBUG i.g.t.timeindustry.mod.ModManager - Loaded mod: TimeIndustry Vanilla (vanilla v1.0)
18:14:50.086 [HeadlessApplication] INFO  i.g.t.t.server.ServerLauncher - Placed initial stone block at (10,10)
18:14:50.087 [HeadlessApplication] INFO  i.g.t.t.server.ServerLauncher - Server started on port 8080
18:14:50.096 [WebSocketSelector-37] INFO  i.g.t.t.server.ServerNetworkManager - Server started on port: 8080
18:15:01.177 [WebSocketWorker-25] DEBUG i.g.t.t.server.ServerNetworkManager - New client connected: /[0:0:0:0:0:0:0:1]:45856
18:15:11.890 [HeadlessApplication] INFO  i.g.t.t.server.ServerLauncher - Player /[0:0:0:0:0:0:0:1]:45856 disconnected, removing from all processes
18:15:16.190 [WebSocketWorker-26] DEBUG i.g.t.t.server.ServerNetworkManager - New client connected: /[0:0:0:0:0:0:0:1]:43086
18:15:46.042 [HeadlessApplication] DEBUG i.g.t.t.server.ServerLauncher - Created new build process at 10,5 on layer vanilla:ground
18:15:46.042 [HeadlessApplication] DEBUG i.g.t.t.server.ServerLauncher - Player /[0:0:0:0:0:0:0:1]:43086 now building at 10,5 (progress=0.0)
18:15:46.323 [HeadlessApplication] INFO  i.g.t.t.server.ServerLauncher - Player /[0:0:0:0:0:0:0:1]:43086 disconnected, removing from all processes
18:15:46.324 [HeadlessApplication] DEBUG i.g.t.t.server.ServerLauncher - Process at (10,5) removed (no players left)
18:16:08.487 [WebSocketWorker-27] DEBUG i.g.t.t.server.ServerNetworkManager - New client connected: /[0:0:0:0:0:0:0:1]:44890
18:16:13.623 [HeadlessApplication] DEBUG i.g.t.t.server.ServerLauncher - Created new build process at 11,7 on layer vanilla:ground
18:16:13.624 [HeadlessApplication] DEBUG i.g.t.t.server.ServerLauncher - Player /[0:0:0:0:0:0:0:1]:44890 now building at 11,7 (progress=0.0)
18:16:14.625 [HeadlessApplication] INFO  i.g.t.t.server.ServerLauncher - Block vanilla:stone built at 11,7 on layer vanilla:ground
18:16:19.232 [WebSocketWorker-28] DEBUG i.g.t.t.server.ServerNetworkManager - New client connected: /[0:0:0:0:0:0:0:1]:58242
18:16:20.773 [HeadlessApplication] DEBUG i.g.t.t.server.ServerLauncher - Created new build process at 11,8 on layer vanilla:ground
18:16:20.774 [HeadlessApplication] DEBUG i.g.t.t.server.ServerLauncher - Player /[0:0:0:0:0:0:0:1]:58242 now building at 11,8 (progress=0.0)
18:16:21.024 [HeadlessApplication] DEBUG i.g.t.t.server.ServerLauncher - Player /[0:0:0:0:0:0:0:1]:58242 joined breaking process at 11,8 (progress=0.24999672)
18:16:21.273 [HeadlessApplication] DEBUG i.g.t.t.server.ServerLauncher - Process at 11,8 removed: layer vanilla:ground no longer allows action (building=false, breaking=true)
18:16:21.773 [HeadlessApplication] DEBUG i.g.t.t.server.ServerLauncher - Created new build process at 11,8 on layer vanilla:ground
18:16:21.774 [HeadlessApplication] DEBUG i.g.t.t.server.ServerLauncher - Player /[0:0:0:0:0:0:0:1]:58242 now building at 11,8 (progress=0.0)
18:16:22.507 [HeadlessApplication] DEBUG i.g.t.t.server.ServerLauncher - Player /[0:0:0:0:0:0:0:1]:44890 joined breaking process at 11,8 (progress=0.73331815)
18:16:30.190 [HeadlessApplication] DEBUG i.g.t.t.server.ServerLauncher - Created new build process at 12,6 on layer vanilla:ground
18:16:30.190 [HeadlessApplication] DEBUG i.g.t.t.server.ServerLauncher - Player /[0:0:0:0:0:0:0:1]:44890 now building at 12,6 (progress=0.0)
18:16:31.190 [HeadlessApplication] INFO  i.g.t.t.server.ServerLauncher - Block vanilla:stone built at 12,6 on layer vanilla:ground
18:16:32.857 [HeadlessApplication] DEBUG i.g.t.t.server.ServerLauncher - Created new build process at 14,6 on layer vanilla:ground
18:16:32.857 [HeadlessApplication] DEBUG i.g.t.t.server.ServerLauncher - Player /[0:0:0:0:0:0:0:1]:44890 now building at 14,6 (progress=0.0)
18:16:33.473 [HeadlessApplication] DEBUG i.g.t.t.server.ServerLauncher - Created new build process at 13,6 on layer vanilla:ground
18:16:33.474 [HeadlessApplication] DEBUG i.g.t.t.server.ServerLauncher - Player /[0:0:0:0:0:0:0:1]:44890 now building at 13,6 (progress=0.0)
18:16:33.840 [HeadlessApplication] INFO  i.g.t.t.server.ServerLauncher - Block vanilla:stone built at 14,6 on layer vanilla:ground
18:16:34.090 [HeadlessApplication] DEBUG i.g.t.t.server.ServerLauncher - Created new build process at 12,5 on layer vanilla:ground
18:16:34.090 [HeadlessApplication] DEBUG i.g.t.t.server.ServerLauncher - Player /[0:0:0:0:0:0:0:1]:44890 now building at 12,5 (progress=0.0)
18:16:34.457 [HeadlessApplication] INFO  i.g.t.t.server.ServerLauncher - Block vanilla:stone built at 13,6 on layer vanilla:ground
18:16:34.573 [HeadlessApplication] DEBUG i.g.t.t.server.ServerLauncher - Created new build process at 11,6 on layer vanilla:ground
18:16:34.574 [HeadlessApplication] DEBUG i.g.t.t.server.ServerLauncher - Player /[0:0:0:0:0:0:0:1]:44890 now building at 11,6 (progress=0.0)
18:16:35.090 [HeadlessApplication] INFO  i.g.t.t.server.ServerLauncher - Block vanilla:stone built at 12,5 on layer vanilla:ground
18:16:35.573 [HeadlessApplication] INFO  i.g.t.t.server.ServerLauncher - Block vanilla:stone built at 11,6 on layer vanilla:ground
18:16:37.040 [HeadlessApplication] DEBUG i.g.t.t.server.ServerLauncher - Player /[0:0:0:0:0:0:0:1]:58242 joined breaking process at 11,8 (progress=0.73331815)
18:16:37.423 [HeadlessApplication] DEBUG i.g.t.t.server.ServerLauncher - Process at 11,8 removed: layer vanilla:ground no longer allows action (building=false, breaking=true)
18:16:38.340 [HeadlessApplication] DEBUG i.g.t.t.server.ServerLauncher - Created new build process at 11,8 on layer vanilla:ground
18:16:38.340 [HeadlessApplication] DEBUG i.g.t.t.server.ServerLauncher - Player /[0:0:0:0:0:0:0:1]:44890 now building at 11,8 (progress=0.0)
18:16:38.723 [HeadlessApplication] DEBUG i.g.t.t.server.ServerLauncher - Created new build process at 12,7 on layer vanilla:ground
18:16:38.724 [HeadlessApplication] DEBUG i.g.t.t.server.ServerLauncher - Player /[0:0:0:0:0:0:0:1]:44890 now building at 12,7 (progress=0.0)
18:16:39.024 [HeadlessApplication] DEBUG i.g.t.t.server.ServerLauncher - Created new build process at 14,7 on layer vanilla:ground
18:16:39.024 [HeadlessApplication] DEBUG i.g.t.t.server.ServerLauncher - Player /[0:0:0:0:0:0:0:1]:44890 now building at 14,7 (progress=0.0)
18:16:39.340 [HeadlessApplication] INFO  i.g.t.t.server.ServerLauncher - Block vanilla:stone built at 11,8 on layer vanilla:ground
18:16:39.373 [HeadlessApplication] DEBUG i.g.t.t.server.ServerLauncher - No entity or process at 13,7
18:16:39.707 [HeadlessApplication] DEBUG i.g.t.t.server.ServerLauncher - Player /[0:0:0:0:0:0:0:1]:44890 joined breaking process at 12,7 (progress=0.983057)
18:16:40.023 [HeadlessApplication] INFO  i.g.t.t.server.ServerLauncher - Block vanilla:stone built at 14,7 on layer vanilla:ground
18:16:40.623 [HeadlessApplication] DEBUG i.g.t.t.server.ServerLauncher - Player /[0:0:0:0:0:0:0:1]:58242 now building at 12,7 (progress=0.06638012)
18:16:43.257 [HeadlessApplication] DEBUG i.g.t.t.server.ServerLauncher - Created new build process at 14,5 on layer vanilla:ground
18:16:43.257 [HeadlessApplication] DEBUG i.g.t.t.server.ServerLauncher - Player /[0:0:0:0:0:0:0:1]:44890 now building at 14,5 (progress=0.0)
18:16:43.573 [HeadlessApplication] DEBUG i.g.t.t.server.ServerLauncher - Created new build process at 13,5 on layer vanilla:ground
18:16:43.573 [HeadlessApplication] DEBUG i.g.t.t.server.ServerLauncher - Player /[0:0:0:0:0:0:0:1]:44890 now building at 13,5 (progress=0.0)
18:16:44.257 [HeadlessApplication] INFO  i.g.t.t.server.ServerLauncher - Block vanilla:stone built at 14,5 on layer vanilla:ground
18:16:44.573 [HeadlessApplication] INFO  i.g.t.t.server.ServerLauncher - Block vanilla:stone built at 13,5 on layer vanilla:ground
18:16:45.357 [HeadlessApplication] DEBUG i.g.t.t.server.ServerLauncher - Created new build process at 14,5 on layer vanilla:buildings
18:16:45.357 [HeadlessApplication] DEBUG i.g.t.t.server.ServerLauncher - Player /[0:0:0:0:0:0:0:1]:44890 now building at 14,5 (progress=0.0)
18:16:45.607 [HeadlessApplication] INFO  i.g.t.t.server.ServerLauncher - Block vanilla:grass built at 14,5 on layer vanilla:buildings
18:16:45.907 [HeadlessApplication] DEBUG i.g.t.t.server.ServerLauncher - Created new build process at 15,5 on layer vanilla:ground
18:16:45.907 [HeadlessApplication] DEBUG i.g.t.t.server.ServerLauncher - Player /[0:0:0:0:0:0:0:1]:44890 now building at 15,5 (progress=0.0)
18:16:46.140 [HeadlessApplication] INFO  i.g.t.t.server.ServerLauncher - Block vanilla:grass built at 15,5 on layer vanilla:ground
18:16:46.523 [HeadlessApplication] DEBUG i.g.t.t.server.ServerLauncher - Created new build process at 16,4 on layer vanilla:ground
18:16:46.523 [HeadlessApplication] DEBUG i.g.t.t.server.ServerLauncher - Player /[0:0:0:0:0:0:0:1]:44890 now building at 16,4 (progress=0.0)
18:16:46.757 [HeadlessApplication] INFO  i.g.t.t.server.ServerLauncher - Block vanilla:grass built at 16,4 on layer vanilla:ground
18:16:50.573 [HeadlessApplication] DEBUG i.g.t.t.server.ServerLauncher - Created new build process at 9,7 on layer vanilla:ground
18:16:50.574 [HeadlessApplication] DEBUG i.g.t.t.server.ServerLauncher - Player /[0:0:0:0:0:0:0:1]:44890 now building at 9,7 (progress=0.0)
18:16:50.807 [HeadlessApplication] INFO  i.g.t.t.server.ServerLauncher - Block vanilla:grass built at 9,7 on layer vanilla:ground
18:16:50.990 [HeadlessApplication] DEBUG i.g.t.t.server.ServerLauncher - Created new build process at 10,7 on layer vanilla:ground
18:16:50.990 [HeadlessApplication] DEBUG i.g.t.t.server.ServerLauncher - Player /[0:0:0:0:0:0:0:1]:44890 now building at 10,7 (progress=0.0)
18:16:51.223 [HeadlessApplication] INFO  i.g.t.t.server.ServerLauncher - Block vanilla:grass built at 10,7 on layer vanilla:ground
18:16:52.840 [HeadlessApplication] DEBUG i.g.t.t.server.ServerLauncher - Created new build process at 7,4 on layer vanilla:ground
18:16:52.840 [HeadlessApplication] DEBUG i.g.t.t.server.ServerLauncher - Player /[0:0:0:0:0:0:0:1]:44890 now building at 7,4 (progress=0.0)
18:16:53.073 [HeadlessApplication] INFO  i.g.t.t.server.ServerLauncher - Player /[0:0:0:0:0:0:0:1]:44890 disconnected, removing from all processes
18:16:53.074 [HeadlessApplication] DEBUG i.g.t.t.server.ServerLauncher - Process at (7,4) removed (no players left)
18:16:53.973 [HeadlessApplication] DEBUG i.g.t.t.server.ServerLauncher - Created new build process at 14,8 on layer vanilla:ground
18:16:53.974 [HeadlessApplication] DEBUG i.g.t.t.server.ServerLauncher - Player /[0:0:0:0:0:0:0:1]:58242 now building at 14,8 (progress=0.0)
18:16:53.990 [HeadlessApplication] INFO  i.g.t.t.server.ServerLauncher - Block vanilla:stone built at 12,7 on layer vanilla:ground
18:16:54.590 [HeadlessApplication] DEBUG i.g.t.t.server.ServerLauncher - Player /[0:0:0:0:0:0:0:1]:58242 joined breaking process at 14,8 (progress=0.6167042)
18:16:54.890 [HeadlessApplication] DEBUG i.g.t.t.server.ServerLauncher - Player /[0:0:0:0:0:0:0:1]:58242 joined breaking process at 14,8 (progress=0.31674266)
18:16:55.140 [HeadlessApplication] DEBUG i.g.t.t.server.ServerLauncher - Cannot break block at 14,7 (unbreakable layer or no block)
18:16:55.223 [HeadlessApplication] DEBUG i.g.t.t.server.ServerLauncher - Process at 14,8 removed: layer vanilla:ground no longer allows action (building=false, breaking=true)
18:16:55.390 [HeadlessApplication] DEBUG i.g.t.t.server.ServerLauncher - Cannot break block at 14,7 (unbreakable layer or no block)
18:16:55.623 [HeadlessApplication] DEBUG i.g.t.t.server.ServerLauncher - Cannot break block at 14,6 (unbreakable layer or no block)
18:16:55.890 [HeadlessApplication] DEBUG i.g.t.t.server.ServerLauncher - Cannot break block at 14,6 (unbreakable layer or no block)
18:16:56.074 [HeadlessApplication] DEBUG i.g.t.t.server.ServerLauncher - Started new breaking process at 14,5 on layer vanilla:buildings
18:16:56.307 [HeadlessApplication] INFO  i.g.t.t.server.ServerLauncher - Block broken at 14,5 on layer vanilla:buildings
18:16:57.073 [HeadlessApplication] DEBUG i.g.t.t.server.ServerLauncher - Cannot break block at 14,6 (unbreakable layer or no block)
18:16:57.440 [HeadlessApplication] DEBUG i.g.t.t.server.ServerLauncher - Cannot place vanilla:stone at 14,6 on any layer
18:16:57.840 [HeadlessApplication] DEBUG i.g.t.t.server.ServerLauncher - Cannot break block at 15,5 (unbreakable layer or no block)
18:16:58.357 [HeadlessApplication] DEBUG i.g.t.t.server.ServerLauncher - Cannot place vanilla:stone at 15,5 on any layer
18:16:58.590 [HeadlessApplication] DEBUG i.g.t.t.server.ServerLauncher - Cannot place vanilla:stone at 15,5 on any layer
18:16:58.923 [HeadlessApplication] DEBUG i.g.t.t.server.ServerLauncher - Cannot place vanilla:stone at 16,4 on any layer
18:16:59.540 [HeadlessApplication] INFO  i.g.t.t.server.ServerLauncher - Player /[0:0:0:0:0:0:0:1]:58242 disconnected, removing from all processes
18:51:43.049 [WebSocketWorker-29] DEBUG i.g.t.t.server.ServerNetworkManager - New client connected: /[0:0:0:0:0:0:0:1]:55510
18:51:53.423 [HeadlessApplication] INFO  i.g.t.t.server.ServerLauncher - Loading mods...
18:51:53.428 [HeadlessApplication] DEBUG i.g.t.timeindustry.mod.ModManager - Loaded mod: TimeIndustry Vanilla (vanilla v1.0)
18:51:53.437 [HeadlessApplication] INFO  i.g.t.t.server.ServerLauncher - Placed initial stone block at (10,10)
18:51:53.437 [HeadlessApplication] INFO  i.g.t.t.server.ServerLauncher - Server started on port 8080
18:51:53.445 [WebSocketSelector-34] INFO  i.g.t.t.server.ServerNetworkManager - Server started on port: 8080
18:51:57.923 [WebSocketWorker-22] DEBUG i.g.t.t.server.ServerNetworkManager - New client connected: /[0:0:0:0:0:0:0:1]:34800
18:51:59.741 [HeadlessApplication] DEBUG i.g.t.t.server.ServerLauncher - Created new build process at 7,11 on layer vanilla:ground
18:51:59.741 [HeadlessApplication] DEBUG i.g.t.t.server.ServerLauncher - Player /[0:0:0:0:0:0:0:1]:34800 now building at 7,11 (progress=0.0)
18:52:00.739 [HeadlessApplication] INFO  i.g.t.t.server.ServerLauncher - Block vanilla:stone built at 7,11 on layer vanilla:ground
18:52:02.304 [HeadlessApplication] DEBUG i.g.t.t.server.ServerLauncher - Created new build process at 7,11 on layer vanilla:buildings
18:52:02.304 [HeadlessApplication] DEBUG i.g.t.t.server.ServerLauncher - Player /[0:0:0:0:0:0:0:1]:34800 now building at 7,11 (progress=0.0)
18:52:02.538 [HeadlessApplication] INFO  i.g.t.t.server.ServerLauncher - Block vanilla:grass built at 7,11 on layer vanilla:buildings
18:52:03.388 [HeadlessApplication] DEBUG i.g.t.t.server.ServerLauncher - Started new breaking process at 7,11 on layer vanilla:buildings
18:52:03.638 [HeadlessApplication] INFO  i.g.t.t.server.ServerLauncher - Block broken at 7,11 on layer vanilla:buildings
18:52:03.738 [HeadlessApplication] DEBUG i.g.t.t.server.ServerLauncher - Created new build process at 8,11 on layer vanilla:ground
18:52:03.738 [HeadlessApplication] DEBUG i.g.t.t.server.ServerLauncher - Player /[0:0:0:0:0:0:0:1]:34800 now building at 8,11 (progress=0.0)
18:52:03.988 [HeadlessApplication] INFO  i.g.t.t.server.ServerLauncher - Block vanilla:grass built at 8,11 on layer vanilla:ground
18:52:04.871 [HeadlessApplication] DEBUG i.g.t.t.server.ServerLauncher - Created new build process at 8,11 on layer vanilla:buildings
18:52:04.871 [HeadlessApplication] DEBUG i.g.t.t.server.ServerLauncher - Player /[0:0:0:0:0:0:0:1]:34800 now building at 8,11 (progress=0.0)
18:52:05.104 [HeadlessApplication] INFO  i.g.t.t.server.ServerLauncher - Block vanilla:grass built at 8,11 on layer vanilla:buildings
18:52:05.571 [HeadlessApplication] DEBUG i.g.t.t.server.ServerLauncher - Started new breaking process at 8,11 on layer vanilla:buildings
18:52:05.804 [HeadlessApplication] INFO  i.g.t.t.server.ServerLauncher - Block broken at 8,11 on layer vanilla:buildings
18:52:06.204 [HeadlessApplication] DEBUG i.g.t.t.server.ServerLauncher - Cannot break block at 8,11 (unbreakable layer or no block)
18:52:06.938 [HeadlessApplication] DEBUG i.g.t.t.server.ServerLauncher - Cannot break block at 8,11 (unbreakable layer or no block)
18:52:07.388 [HeadlessApplication] DEBUG i.g.t.t.server.ServerLauncher - Cannot break block at 7,11 (unbreakable layer or no block)
18:52:09.754 [HeadlessApplication] DEBUG i.g.t.t.server.ServerLauncher - Created new build process at 8,9 on layer vanilla:ground
18:52:09.754 [HeadlessApplication] DEBUG i.g.t.t.server.ServerLauncher - Player /[0:0:0:0:0:0:0:1]:34800 now building at 8,9 (progress=0.0)
18:52:10.738 [HeadlessApplication] INFO  i.g.t.t.server.ServerLauncher - Block vanilla:stone built at 8,9 on layer vanilla:ground
18:52:11.188 [HeadlessApplication] DEBUG i.g.t.t.server.ServerLauncher - Cannot break block at 8,9 (unbreakable layer or no block)
18:52:12.854 [HeadlessApplication] DEBUG i.g.t.t.server.ServerLauncher - Created new build process at 8,9 on layer vanilla:buildings
18:52:12.855 [HeadlessApplication] DEBUG i.g.t.t.server.ServerLauncher - Player /[0:0:0:0:0:0:0:1]:34800 now building at 8,9 (progress=0.0)
18:52:13.088 [HeadlessApplication] INFO  i.g.t.t.server.ServerLauncher - Block vanilla:grass built at 8,9 on layer vanilla:buildings
18:52:13.371 [HeadlessApplication] DEBUG i.g.t.t.server.ServerLauncher - Started new breaking process at 8,9 on layer vanilla:buildings
18:52:13.621 [HeadlessApplication] INFO  i.g.t.t.server.ServerLauncher - Block broken at 8,9 on layer vanilla:buildings
18:52:14.038 [HeadlessApplication] DEBUG i.g.t.t.server.ServerLauncher - Created new build process at 8,9 on layer vanilla:buildings
18:52:14.038 [HeadlessApplication] DEBUG i.g.t.t.server.ServerLauncher - Player /[0:0:0:0:0:0:0:1]:34800 now building at 8,9 (progress=0.0)
18:52:14.271 [HeadlessApplication] INFO  i.g.t.t.server.ServerLauncher - Block vanilla:grass built at 8,9 on layer vanilla:buildings
18:52:15.021 [HeadlessApplication] DEBUG i.g.t.t.server.ServerLauncher - Created new build process at 7,11 on layer vanilla:buildings
18:52:15.021 [HeadlessApplication] DEBUG i.g.t.t.server.ServerLauncher - Player /[0:0:0:0:0:0:0:1]:34800 now building at 7,11 (progress=0.0)
18:52:15.254 [HeadlessApplication] INFO  i.g.t.t.server.ServerLauncher - Block vanilla:grass built at 7,11 on layer vanilla:buildings
18:52:15.704 [HeadlessApplication] DEBUG i.g.t.t.server.ServerLauncher - Created new build process at 11,10 on layer vanilla:ground
18:52:15.705 [HeadlessApplication] DEBUG i.g.t.t.server.ServerLauncher - Player /[0:0:0:0:0:0:0:1]:34800 now building at 11,10 (progress=0.0)
18:52:15.938 [HeadlessApplication] INFO  i.g.t.t.server.ServerLauncher - Block vanilla:grass built at 11,10 on layer vanilla:ground
18:52:16.438 [HeadlessApplication] DEBUG i.g.t.t.server.ServerLauncher - Cannot break block at 11,10 (unbreakable layer or no block)
18:52:17.054 [HeadlessApplication] DEBUG i.g.t.t.server.ServerLauncher - Created new build process at 7,9 on layer vanilla:ground
18:52:17.055 [HeadlessApplication] DEBUG i.g.t.t.server.ServerLauncher - Player /[0:0:0:0:0:0:0:1]:34800 now building at 7,9 (progress=0.0)
18:52:17.304 [HeadlessApplication] INFO  i.g.t.t.server.ServerLauncher - Block vanilla:grass built at 7,9 on layer vanilla:ground
18:52:18.621 [HeadlessApplication] DEBUG i.g.t.t.server.ServerLauncher - Created new build process at 7,9 on layer vanilla:buildings
18:52:18.621 [HeadlessApplication] DEBUG i.g.t.t.server.ServerLauncher - Player /[0:0:0:0:0:0:0:1]:34800 now building at 7,9 (progress=0.0)
18:52:18.871 [HeadlessApplication] INFO  i.g.t.t.server.ServerLauncher - Block vanilla:grass built at 7,9 on layer vanilla:buildings
18:55:07.054 [HeadlessApplication] DEBUG i.g.t.t.server.ServerLauncher - Created new build process at 8,12 on layer vanilla:ground
18:55:07.055 [HeadlessApplication] DEBUG i.g.t.t.server.ServerLauncher - Player /[0:0:0:0:0:0:0:1]:34800 now building at 8,12 (progress=0.0)
18:55:07.288 [HeadlessApplication] INFO  i.g.t.t.server.ServerLauncher - Block vanilla:grass built at 8,12 on layer vanilla:ground
18:55:07.804 [HeadlessApplication] INFO  i.g.t.t.server.ServerLauncher - Player /[0:0:0:0:0:0:0:1]:34800 disconnected, removing from all processes
19:31:47.743 [WebSocketWorker-23] DEBUG i.g.t.t.server.ServerNetworkManager - New client connected: /[0:0:0:0:0:0:0:1]:56062
19:31:52.504 [HeadlessApplication] INFO  i.g.t.t.server.ServerLauncher - Player /[0:0:0:0:0:0:0:1]:56062 disconnected, removing from all processes
